running egg_info
writing build/p3_ekf_adr/p3_ekf_adr.egg-info/PKG-INFO
writing dependency_links to build/p3_ekf_adr/p3_ekf_adr.egg-info/dependency_links.txt
writing entry points to build/p3_ekf_adr/p3_ekf_adr.egg-info/entry_points.txt
writing requirements to build/p3_ekf_adr/p3_ekf_adr.egg-info/requires.txt
writing top-level names to build/p3_ekf_adr/p3_ekf_adr.egg-info/top_level.txt
reading manifest file 'build/p3_ekf_adr/p3_ekf_adr.egg-info/SOURCES.txt'
adding license file 'LICENSE'
writing manifest file 'build/p3_ekf_adr/p3_ekf_adr.egg-info/SOURCES.txt'
running build
running build_py
running install
running install_lib
running install_data
running install_egg_info
removing '/home/student/AdR/src/p3_ws/p3_ekf_adr/install/p3_ekf_adr/lib/python3.10/site-packages/p3_ekf_adr-0.0.0-py3.10.egg-info' (and everything under it)
Copying build/p3_ekf_adr/p3_ekf_adr.egg-info to /home/student/AdR/src/p3_ws/p3_ekf_adr/install/p3_ekf_adr/lib/python3.10/site-packages/p3_ekf_adr-0.0.0-py3.10.egg-info
running install_scripts
Installing ekf_estimation_3d script to /home/student/AdR/src/p3_ws/p3_ekf_adr/install/p3_ekf_adr/lib/p3_ekf_adr
Installing ekf_estimation_7d script to /home/student/AdR/src/p3_ws/p3_ekf_adr/install/p3_ekf_adr/lib/p3_ekf_adr
Installing ekf_estimation_8d script to /home/student/AdR/src/p3_ws/p3_ekf_adr/install/p3_ekf_adr/lib/p3_ekf_adr
writing list of installed files to '/home/student/AdR/src/p3_ws/p3_ekf_adr/build/p3_ekf_adr/install.log'
