[0.361s] Invoking command in '/home/student/AdR/src/p3_ws/p3_ekf_adr': PYTHONPATH=/home/student/AdR/src/p3_ws/p3_ekf_adr/build/p3_ekf_adr/prefix_override:/usr/lib/python3/dist-packages/colcon_core/task/python/colcon_distutils_commands:/home/student/AdR/src/p3_ws/p3_ekf_adr/install/p3_ekf_adr/lib/python3.10/site-packages:${PYTHONPATH} /usr/bin/python3 -W ignore:setup.py install is deprecated -W ignore:easy_install command is deprecated setup.py egg_info --egg-base build/p3_ekf_adr build --build-base /home/student/AdR/src/p3_ws/p3_ekf_adr/build/p3_ekf_adr/build install --record /home/student/AdR/src/p3_ws/p3_ekf_adr/build/p3_ekf_adr/install.log --single-version-externally-managed install_data
[0.491s] running egg_info
[0.491s] writing build/p3_ekf_adr/p3_ekf_adr.egg-info/PKG-INFO
[0.491s] writing dependency_links to build/p3_ekf_adr/p3_ekf_adr.egg-info/dependency_links.txt
[0.491s] writing entry points to build/p3_ekf_adr/p3_ekf_adr.egg-info/entry_points.txt
[0.491s] writing requirements to build/p3_ekf_adr/p3_ekf_adr.egg-info/requires.txt
[0.491s] writing top-level names to build/p3_ekf_adr/p3_ekf_adr.egg-info/top_level.txt
[0.492s] reading manifest file 'build/p3_ekf_adr/p3_ekf_adr.egg-info/SOURCES.txt'
[0.492s] adding license file 'LICENSE'
[0.493s] writing manifest file 'build/p3_ekf_adr/p3_ekf_adr.egg-info/SOURCES.txt'
[0.493s] running build
[0.493s] running build_py
[0.494s] running install
[0.494s] running install_lib
[0.495s] running install_data
[0.495s] running install_egg_info
[0.496s] removing '/home/student/AdR/src/p3_ws/p3_ekf_adr/install/p3_ekf_adr/lib/python3.10/site-packages/p3_ekf_adr-0.0.0-py3.10.egg-info' (and everything under it)
[0.496s] Copying build/p3_ekf_adr/p3_ekf_adr.egg-info to /home/student/AdR/src/p3_ws/p3_ekf_adr/install/p3_ekf_adr/lib/python3.10/site-packages/p3_ekf_adr-0.0.0-py3.10.egg-info
[0.497s] running install_scripts
[0.509s] Installing ekf_estimation_3d script to /home/student/AdR/src/p3_ws/p3_ekf_adr/install/p3_ekf_adr/lib/p3_ekf_adr
[0.509s] Installing ekf_estimation_7d script to /home/student/AdR/src/p3_ws/p3_ekf_adr/install/p3_ekf_adr/lib/p3_ekf_adr
[0.509s] Installing ekf_estimation_8d script to /home/student/AdR/src/p3_ws/p3_ekf_adr/install/p3_ekf_adr/lib/p3_ekf_adr
[0.510s] writing list of installed files to '/home/student/AdR/src/p3_ws/p3_ekf_adr/build/p3_ekf_adr/install.log'
[0.525s] Invoked command in '/home/student/AdR/src/p3_ws/p3_ekf_adr' returned '0': PYTHONPATH=/home/student/AdR/src/p3_ws/p3_ekf_adr/build/p3_ekf_adr/prefix_override:/usr/lib/python3/dist-packages/colcon_core/task/python/colcon_distutils_commands:/home/student/AdR/src/p3_ws/p3_ekf_adr/install/p3_ekf_adr/lib/python3.10/site-packages:${PYTHONPATH} /usr/bin/python3 -W ignore:setup.py install is deprecated -W ignore:easy_install command is deprecated setup.py egg_info --egg-base build/p3_ekf_adr build --build-base /home/student/AdR/src/p3_ws/p3_ekf_adr/build/p3_ekf_adr/build install --record /home/student/AdR/src/p3_ws/p3_ekf_adr/build/p3_ekf_adr/install.log --single-version-externally-managed install_data
